<?xml version="1.0" encoding="UTF-8"?>
<coverage generated="1758390363793" clover="3.2.0">
  <project timestamp="1758390363793" name="All files">
    <metrics statements="65" coveredstatements="42" conditionals="36" coveredconditionals="18" methods="5" coveredmethods="3" elements="106" coveredelements="63" complexity="0" loc="65" ncloc="65" packages="1" files="1" classes="1"/>
    <file name="basic-parser.ts" path="/Users/adamsantos/Desktop/CS320/extensible-csv-ghassanjomaa/src/basic-parser.ts">
      <metrics statements="65" coveredstatements="42" conditionals="36" coveredconditionals="18" methods="5" coveredmethods="3"/>
      <line num="1" count="2" type="stmt"/>
      <line num="2" count="2" type="stmt"/>
      <line num="20" count="2" type="stmt"/>
      <line num="21" count="2" type="stmt"/>
      <line num="22" count="2" type="stmt"/>
      <line num="23" count="2" type="stmt"/>
      <line num="25" count="2" type="stmt"/>
      <line num="28" count="2" type="stmt"/>
      <line num="32" count="3" type="stmt"/>
      <line num="33" count="3" type="stmt"/>
      <line num="34" count="3" type="stmt"/>
      <line num="47" count="2" type="stmt"/>
      <line num="48" count="9" type="stmt"/>
      <line num="51" count="9" type="cond" truecount="2" falsecount="0"/>
      <line num="52" count="9" type="stmt"/>
      <line num="54" count="9" type="stmt"/>
      <line num="55" count="9" type="stmt"/>
      <line num="60" count="9" type="stmt"/>
      <line num="61" count="109" type="stmt"/>
      <line num="62" count="50" type="stmt"/>
      <line num="64" count="50" type="stmt"/>
      <line num="66" count="142" type="cond" truecount="2" falsecount="0"/>
      <line num="67" count="50" type="stmt"/>
      <line num="70" count="142" type="cond" truecount="3" falsecount="0"/>
      <line num="71" count="142" type="stmt"/>
      <line num="74" count="50" type="cond" truecount="2" falsecount="0"/>
      <line num="75" count="50" type="stmt"/>
      <line num="78" count="50" type="cond" truecount="1" falsecount="1"/>
      <line num="79" count="50" type="stmt"/>
      <line num="84" count="9" type="stmt"/>
      <line num="86" count="9" type="cond" truecount="3" falsecount="1"/>
      <line num="87" count="9" type="stmt"/>
      <line num="88" count="9" type="stmt"/>
      <line num="91" count="9" type="cond" truecount="2" falsecount="0"/>
      <line num="92" count="6" type="stmt"/>
      <line num="95" count="3" type="stmt"/>
      <line num="96" count="3" type="stmt"/>
      <line num="97" count="4" type="stmt"/>
      <line num="98" count="4" type="cond" truecount="2" falsecount="0"/>
      <line num="99" count="3" type="stmt"/>
      <line num="105" count="1" type="stmt"/>
      <line num="108" count="0" type="stmt"/>
      <line num="114" count="2" type="stmt"/>
      <line num="115" count="0" type="stmt"/>
      <line num="118" count="0" type="cond" truecount="0" falsecount="2"/>
      <line num="119" count="0" type="stmt"/>
      <line num="121" count="0" type="stmt"/>
      <line num="122" count="0" type="stmt"/>
      <line num="127" count="0" type="stmt"/>
      <line num="128" count="0" type="stmt"/>
      <line num="129" count="0" type="stmt"/>
      <line num="131" count="0" type="stmt"/>
      <line num="132" count="0" type="cond" truecount="0" falsecount="3"/>
      <line num="133" count="0" type="stmt"/>
      <line num="136" count="0" type="cond" truecount="0" falsecount="2"/>
      <line num="137" count="0" type="stmt"/>
      <line num="140" count="0" type="cond" truecount="0" falsecount="4"/>
      <line num="141" count="0" type="stmt"/>
      <line num="142" count="0" type="stmt"/>
      <line num="145" count="0" type="cond" truecount="0" falsecount="2"/>
      <line num="146" count="0" type="stmt"/>
      <line num="148" count="0" type="stmt"/>
      <line num="149" count="0" type="cond" truecount="0" falsecount="2"/>
      <line num="150" count="0" type="stmt"/>
      <line num="156" count="0" type="stmt"/>
    </file>
  </project>
</coverage>
