{"/Users/adamsantos/Desktop/CS320/extensible-csv-ghassanjomaa/src/basic-parser.ts": {"path":"/Users/adamsantos/Desktop/CS320/extensible-csv-ghassanjomaa/src/basic-parser.ts","statementMap":{"0":{"start":{"line":47,"column":0},"end":{"line":47,"column":22}},"1":{"start":{"line":114,"column":0},"end":{"line":114,"column":23}},"2":{"start":{"line":1,"column":0},"end":{"line":1,"column":25}},"3":{"start":{"line":2,"column":0},"end":{"line":2,"column":37}},"4":{"start":{"line":20,"column":15},"end":{"line":20,"column":23}},"5":{"start":{"line":21,"column":15},"end":{"line":21,"column":33}},"6":{"start":{"line":22,"column":15},"end":{"line":22,"column":52}},"7":{"start":{"line":23,"column":15},"end":{"line":23,"column":54}},"8":{"start":{"line":25,"column":13},"end":{"line":25,"column":58}},"9":{"start":{"line":32,"column":4},"end":{"line":32,"column":19}},"10":{"start":{"line":33,"column":4},"end":{"line":33,"column":29}},"11":{"start":{"line":34,"column":4},"end":{"line":34,"column":25}},"12":{"start":{"line":28,"column":0},"end":{"line":28,"column":13}},"13":{"start":{"line":48,"column":2},"end":{"line":109,"column":null}},"14":{"start":{"line":51,"column":63},"end":{"line":51,"column":70}},"15":{"start":{"line":52,"column":16},"end":{"line":52,"column":36}},"16":{"start":{"line":54,"column":21},"end":{"line":54,"column":46}},"17":{"start":{"line":55,"column":13},"end":{"line":58,"column":4}},"18":{"start":{"line":60,"column":29},"end":{"line":60,"column":31}},"19":{"start":{"line":61,"column":2},"end":{"line":81,"column":3}},"20":{"start":{"line":61,"column":27},"end":{"line":61,"column":29}},"21":{"start":{"line":61,"column":27},"end":{"line":61,"column":31}},"22":{"start":{"line":61,"column":23},"end":{"line":61,"column":27}},"23":{"start":{"line":62,"column":29},"end":{"line":62,"column":31}},"24":{"start":{"line":64,"column":4},"end":{"line":72,"column":5}},"25":{"start":{"line":66,"column":6},"end":{"line":68,"column":7}},"26":{"start":{"line":67,"column":8},"end":{"line":67,"column":26}},"27":{"start":{"line":70,"column":20},"end":{"line":70,"column":52}},"28":{"start":{"line":71,"column":6},"end":{"line":71,"column":74}},"29":{"start":{"line":74,"column":4},"end":{"line":76,"column":5}},"30":{"start":{"line":75,"column":6},"end":{"line":75,"column":19}},"31":{"start":{"line":78,"column":4},"end":{"line":80,"column":5}},"32":{"start":{"line":79,"column":6},"end":{"line":79,"column":26}},"33":{"start":{"line":84,"column":13},"end":{"line":84,"column":19}},"34":{"start":{"line":86,"column":2},"end":{"line":89,"column":3}},"35":{"start":{"line":87,"column":4},"end":{"line":87,"column":23}},"36":{"start":{"line":88,"column":4},"end":{"line":88,"column":27}},"37":{"start":{"line":91,"column":2},"end":{"line":93,"column":3}},"38":{"start":{"line":92,"column":4},"end":{"line":92,"column":34}},"39":{"start":{"line":95,"column":22},"end":{"line":95,"column":24}},"40":{"start":{"line":96,"column":2},"end":{"line":106,"column":3}},"41":{"start":{"line":96,"column":15},"end":{"line":96,"column":16}},"42":{"start":{"line":97,"column":20},"end":{"line":97,"column":45}},"43":{"start":{"line":98,"column":4},"end":{"line":104,"column":5}},"44":{"start":{"line":99,"column":6},"end":{"line":103,"column":8}},"45":{"start":{"line":105,"column":4},"end":{"line":105,"column":30}},"46":{"start":{"line":108,"column":2},"end":{"line":108,"column":34}},"47":{"start":{"line":115,"column":2},"end":{"line":159,"column":null}},"48":{"start":{"line":118,"column":63},"end":{"line":118,"column":70}},"49":{"start":{"line":119,"column":16},"end":{"line":119,"column":36}},"50":{"start":{"line":121,"column":21},"end":{"line":121,"column":46}},"51":{"start":{"line":122,"column":13},"end":{"line":125,"column":4}},"52":{"start":{"line":127,"column":19},"end":{"line":127,"column":23}},"53":{"start":{"line":128,"column":2},"end":{"line":158,"column":3}},"54":{"start":{"line":128,"column":27},"end":{"line":128,"column":29}},"55":{"start":{"line":128,"column":27},"end":{"line":128,"column":31}},"56":{"start":{"line":128,"column":23},"end":{"line":128,"column":27}},"57":{"start":{"line":129,"column":29},"end":{"line":129,"column":31}},"58":{"start":{"line":131,"column":4},"end":{"line":134,"column":5}},"59":{"start":{"line":132,"column":20},"end":{"line":132,"column":52}},"60":{"start":{"line":133,"column":6},"end":{"line":133,"column":74}},"61":{"start":{"line":136,"column":4},"end":{"line":138,"column":5}},"62":{"start":{"line":137,"column":6},"end":{"line":137,"column":19}},"63":{"start":{"line":140,"column":4},"end":{"line":143,"column":5}},"64":{"start":{"line":141,"column":6},"end":{"line":141,"column":25}},"65":{"start":{"line":142,"column":6},"end":{"line":142,"column":15}},"66":{"start":{"line":145,"column":4},"end":{"line":157,"column":5}},"67":{"start":{"line":146,"column":6},"end":{"line":146,"column":19}},"68":{"start":{"line":148,"column":22},"end":{"line":148,"column":46}},"69":{"start":{"line":149,"column":6},"end":{"line":155,"column":7}},"70":{"start":{"line":150,"column":8},"end":{"line":154,"column":10}},"71":{"start":{"line":156,"column":6},"end":{"line":156,"column":25}}},"fnMap":{"0":{"name":"(anonymous_36)","decl":{"start":{"line":31,"column":2},"end":{"line":31,"column":14}},"loc":{"start":{"line":31,"column":64},"end":{"line":35,"column":3}}},"1":{"name":"parseCSV","decl":{"start":{"line":47,"column":22},"end":{"line":47,"column":30}},"loc":{"start":{"line":47,"column":30},"end":{"line":109,"column":null}}},"2":{"name":"(anonymous_38)","decl":{"start":{"line":48,"column":2},"end":{"line":48,"column":14}},"loc":{"start":{"line":49,"column":31},"end":{"line":109,"column":1}}},"3":{"name":"parseCSVGenerator","decl":{"start":{"line":114,"column":23},"end":{"line":114,"column":40}},"loc":{"start":{"line":114,"column":40},"end":{"line":159,"column":null}}},"4":{"name":"parseCSVGenerator_1","decl":{"start":{"line":115,"column":2},"end":{"line":115,"column":14}},"loc":{"start":{"line":116,"column":31},"end":{"line":159,"column":1}}}},"branchMap":{"0":{"loc":{"start":{"line":49,"column":2},"end":{"line":49,"column":31}},"type":"default-arg","locations":[{"start":{"line":49,"column":29},"end":{"line":49,"column":31}}]},"1":{"loc":{"start":{"line":51,"column":18},"end":{"line":51,"column":34}},"type":"default-arg","locations":[{"start":{"line":51,"column":30},"end":{"line":51,"column":34}}]},"2":{"loc":{"start":{"line":51,"column":36},"end":{"line":51,"column":58}},"type":"default-arg","locations":[{"start":{"line":51,"column":50},"end":{"line":51,"column":58}}]},"3":{"loc":{"start":{"line":66,"column":6},"end":{"line":68,"column":7}},"type":"if","locations":[{"start":{"line":66,"column":6},"end":{"line":68,"column":7}},{"start":{},"end":{}}]},"4":{"loc":{"start":{"line":70,"column":20},"end":{"line":70,"column":52}},"type":"binary-expr","locations":[{"start":{"line":70,"column":20},"end":{"line":70,"column":28}},{"start":{"line":70,"column":32},"end":{"line":70,"column":40}},{"start":{"line":70,"column":44},"end":{"line":70,"column":52}}]},"5":{"loc":{"start":{"line":74,"column":11},"end":{"line":74,"column":64}},"type":"binary-expr","locations":[{"start":{"line":74,"column":11},"end":{"line":74,"column":28}},{"start":{"line":74,"column":32},"end":{"line":74,"column":64}}]},"6":{"loc":{"start":{"line":78,"column":4},"end":{"line":80,"column":5}},"type":"if","locations":[{"start":{"line":78,"column":4},"end":{"line":80,"column":5}},{"start":{},"end":{}}]},"7":{"loc":{"start":{"line":86,"column":2},"end":{"line":89,"column":3}},"type":"if","locations":[{"start":{"line":86,"column":2},"end":{"line":89,"column":3}},{"start":{},"end":{}}]},"8":{"loc":{"start":{"line":86,"column":6},"end":{"line":86,"column":36}},"type":"binary-expr","locations":[{"start":{"line":86,"column":6},"end":{"line":86,"column":15}},{"start":{"line":86,"column":19},"end":{"line":86,"column":36}}]},"9":{"loc":{"start":{"line":91,"column":2},"end":{"line":93,"column":3}},"type":"if","locations":[{"start":{"line":91,"column":2},"end":{"line":93,"column":3}},{"start":{},"end":{}}]},"10":{"loc":{"start":{"line":98,"column":4},"end":{"line":104,"column":5}},"type":"if","locations":[{"start":{"line":98,"column":4},"end":{"line":104,"column":5}},{"start":{},"end":{}}]},"11":{"loc":{"start":{"line":116,"column":2},"end":{"line":116,"column":31}},"type":"default-arg","locations":[{"start":{"line":116,"column":29},"end":{"line":116,"column":31}}]},"12":{"loc":{"start":{"line":118,"column":18},"end":{"line":118,"column":34}},"type":"default-arg","locations":[{"start":{"line":118,"column":30},"end":{"line":118,"column":34}}]},"13":{"loc":{"start":{"line":118,"column":36},"end":{"line":118,"column":58}},"type":"default-arg","locations":[{"start":{"line":118,"column":50},"end":{"line":118,"column":58}}]},"14":{"loc":{"start":{"line":132,"column":20},"end":{"line":132,"column":52}},"type":"binary-expr","locations":[{"start":{"line":132,"column":20},"end":{"line":132,"column":28}},{"start":{"line":132,"column":32},"end":{"line":132,"column":40}},{"start":{"line":132,"column":44},"end":{"line":132,"column":52}}]},"15":{"loc":{"start":{"line":136,"column":11},"end":{"line":136,"column":64}},"type":"binary-expr","locations":[{"start":{"line":136,"column":11},"end":{"line":136,"column":28}},{"start":{"line":136,"column":32},"end":{"line":136,"column":64}}]},"16":{"loc":{"start":{"line":140,"column":4},"end":{"line":143,"column":5}},"type":"if","locations":[{"start":{"line":140,"column":4},"end":{"line":143,"column":5}},{"start":{},"end":{}}]},"17":{"loc":{"start":{"line":140,"column":8},"end":{"line":140,"column":31}},"type":"binary-expr","locations":[{"start":{"line":140,"column":8},"end":{"line":140,"column":17}},{"start":{"line":140,"column":21},"end":{"line":140,"column":31}}]},"18":{"loc":{"start":{"line":145,"column":4},"end":{"line":157,"column":5}},"type":"if","locations":[{"start":{"line":145,"column":4},"end":{"line":157,"column":5}},{"start":{"line":147,"column":11},"end":{"line":157,"column":5}}]},"19":{"loc":{"start":{"line":149,"column":6},"end":{"line":155,"column":7}},"type":"if","locations":[{"start":{"line":149,"column":6},"end":{"line":155,"column":7}},{"start":{},"end":{}}]}},"s":{"0":2,"1":2,"2":2,"3":2,"4":2,"5":2,"6":2,"7":2,"8":2,"9":3,"10":3,"11":3,"12":2,"13":9,"14":9,"15":9,"16":9,"17":9,"18":9,"19":9,"20":109,"21":9,"22":50,"23":50,"24":50,"25":142,"26":50,"27":142,"28":142,"29":50,"30":50,"31":50,"32":50,"33":9,"34":9,"35":9,"36":9,"37":9,"38":6,"39":3,"40":3,"41":3,"42":4,"43":4,"44":3,"45":1,"46":0,"47":0,"48":0,"49":0,"50":0,"51":0,"52":0,"53":0,"54":0,"55":0,"56":0,"57":0,"58":0,"59":0,"60":0,"61":0,"62":0,"63":0,"64":0,"65":0,"66":0,"67":0,"68":0,"69":0,"70":0,"71":0},"f":{"0":3,"1":9,"2":9,"3":0,"4":0},"b":{"0":[6],"1":[7],"2":[9],"3":[50,92],"4":[142,50,50],"5":[100,100],"6":[50,0],"7":[9,0],"8":[9,9],"9":[6,3],"10":[3,1],"11":[0],"12":[0],"13":[0],"14":[0,0,0],"15":[0,0],"16":[0,0],"17":[0,0],"18":[0,0],"19":[0,0]}}
}
