TN:
SF:src/basic-parser.ts
FN:31,(anonymous_36)
FN:47,parseCSV
FN:48,(anonymous_38)
FN:114,parseCSVGenerator
FN:115,parseCSVGenerator_1
FNF:5
FNH:3
FNDA:3,(anonymous_36)
FNDA:9,parseCSV
FNDA:9,(anonymous_38)
FNDA:0,parseCSVGenerator
FNDA:0,parseCSVGenerator_1
DA:1,2
DA:2,2
DA:20,2
DA:21,2
DA:22,2
DA:23,2
DA:25,2
DA:28,2
DA:32,3
DA:33,3
DA:34,3
DA:47,2
DA:48,9
DA:51,9
DA:52,9
DA:54,9
DA:55,9
DA:60,9
DA:61,109
DA:62,50
DA:64,50
DA:66,142
DA:67,50
DA:70,142
DA:71,142
DA:74,50
DA:75,50
DA:78,50
DA:79,50
DA:84,9
DA:86,9
DA:87,9
DA:88,9
DA:91,9
DA:92,6
DA:95,3
DA:96,3
DA:97,4
DA:98,4
DA:99,3
DA:105,1
DA:108,0
DA:114,2
DA:115,0
DA:118,0
DA:119,0
DA:121,0
DA:122,0
DA:127,0
DA:128,0
DA:129,0
DA:131,0
DA:132,0
DA:133,0
DA:136,0
DA:137,0
DA:140,0
DA:141,0
DA:142,0
DA:145,0
DA:146,0
DA:148,0
DA:149,0
DA:150,0
DA:156,0
LF:65
LH:42
BRDA:49,0,0,6
BRDA:51,1,0,7
BRDA:51,2,0,9
BRDA:66,3,0,50
BRDA:66,3,1,92
BRDA:70,4,0,142
BRDA:70,4,1,50
BRDA:70,4,2,50
BRDA:74,5,0,100
BRDA:74,5,1,100
BRDA:78,6,0,50
BRDA:78,6,1,0
BRDA:86,7,0,9
BRDA:86,7,1,0
BRDA:86,8,0,9
BRDA:86,8,1,9
BRDA:91,9,0,6
BRDA:91,9,1,3
BRDA:98,10,0,3
BRDA:98,10,1,1
BRDA:116,11,0,0
BRDA:118,12,0,0
BRDA:118,13,0,0
BRDA:132,14,0,0
BRDA:132,14,1,0
BRDA:132,14,2,0
BRDA:136,15,0,0
BRDA:136,15,1,0
BRDA:140,16,0,0
BRDA:140,16,1,0
BRDA:140,17,0,0
BRDA:140,17,1,0
BRDA:145,18,0,0
BRDA:145,18,1,0
BRDA:149,19,0,0
BRDA:149,19,1,0
BRF:36
BRH:18
end_of_record
